<?xml version="1.0" encoding="UTF-8"?>
<testsuite xmlns:xsi="http://www.w3.org/2001/XMLSchema-instance" xsi:noNamespaceSchemaLocation="https://maven.apache.org/surefire/maven-surefire-plugin/xsd/surefire-test-report-3.0.xsd" version="3.0" name="com.springboot.demo.SpringBootDemoApplicationTests" time="1.595" tests="1" errors="0" skipped="0" failures="0">
  <properties>
[...]
</properties>
  <testcase name="contextLoads" classname="com.springboot.demo.SpringBootDemoApplicationTests" time="0.443">
    <system-out><![CDATA[21:01:42.324 [main] INFO org.springframework.test.context.support.AnnotationConfigContextLoaderUtils -- Could not detect default configuration classes for test class [com.springboot.demo.SpringBootDemoApplicationTests]: SpringBootDemoApplicationTests does not declare any static, non-private, non-final, nested classes annotated with @Configuration.
21:01:42.377 [main] INFO org.springframework.boot.test.context.SpringBootTestContextBootstrapper -- Found @SpringBootConfiguration com.springboot.demo.SpringBootDemoApplication for test class com.springboot.demo.SpringBootDemoApplicationTests

  .   ____          _            __ _ _
 /\\ / ___'_ __ _ _(_)_ __  __ _ \ \ \ \
( ( )\___ | '_ | '_| | '_ \/ _` | \ \ \ \
 \\/  ___)| |_)| | | | | || (_| |  ) ) ) )
  '  |____| .__|_| |_|_| |_\__, | / / / /
 =========|_|==============|___/=/_/_/_/

 :: Spring Boot ::                (v3.3.4)

2024-10-23T21:01:42.560+05:30  INFO 52248 --- [spring boot demo] [           main] c.s.demo.SpringBootDemoApplicationTests  : Starting SpringBootDemoApplicationTests using Java 21.0.2 with PID 52248 (started by pavankumar in /Users/pavankumar/pavan/GCP repo/demo)
2024-10-23T21:01:42.560+05:30  INFO 52248 --- [spring boot demo] [           main] c.s.demo.SpringBootDemoApplicationTests  : No active profile set, falling back to 1 default profile: "default"
2024-10-23T21:01:42.841+05:30  INFO 52248 --- [spring boot demo] [           main] .s.d.r.c.RepositoryConfigurationDelegate : Multiple Spring Data modules found, entering strict repository configuration mode
2024-10-23T21:01:42.843+05:30  INFO 52248 --- [spring boot demo] [           main] .s.d.r.c.RepositoryConfigurationDelegate : Bootstrapping Spring Data Redis repositories in DEFAULT mode.
2024-10-23T21:01:42.860+05:30  INFO 52248 --- [spring boot demo] [           main] .s.d.r.c.RepositoryConfigurationDelegate : Finished Spring Data repository scanning in 8 ms. Found 0 Redis repository interfaces.
2024-10-23T21:01:43.384+05:30  INFO 52248 --- [spring boot demo] [           main] c.s.demo.SpringBootDemoApplicationTests  : Started SpringBootDemoApplicationTests in 0.937 seconds (process running for 1.38)
]]></system-out>
    <system-err><![CDATA[WARNING: A Java agent has been loaded dynamically (/Users/pavankumar/.m2/repository/net/bytebuddy/byte-buddy-agent/1.14.19/byte-buddy-agent-1.14.19.jar)
WARNING: If a serviceability tool is in use, please run with -XX:+EnableDynamicAgentLoading to hide this warning
WARNING: If a serviceability tool is not in use, please run with -Djdk.instrument.traceUsage for more information
WARNING: Dynamic loading of agents will be disallowed by default in a future release
]]></system-err>
  </testcase>
</testsuite>